<?xml version="1.0" encoding="UTF-8"?>
<!-- Generated by org.testng.reporters.JUnitReportReporter -->
<testsuite hostname="PC-f7ad11" failures="0" tests="1" name="com.actitime.customer.Customer" time="0.014" errors="0" timestamp="2022-11-22T22:07:23 IST" skipped="0">
  <testcase classname="com.actitime.customer.Customer" name="create_customer" time="0.014"/>
  <system-out/>
</testsuite> <!-- com.actitime.customer.Customer -->
